2020-12-23 09:55:27,331 INFO [main] [com.autobusi.team.TeamperformanceMsApplication] [StartupInfoLogger.java:55] Starting TeamperformanceMsApplication on W-PF21A4QQ with PID 17592 (C:\Users\I042102\git\teamperformance-ms\target\classes started by I042102 in C:\Users\I042102\git\teamperformance-ms)
2020-12-23 09:55:27,336 DEBUG [main] [com.autobusi.team.TeamperformanceMsApplication] [StartupInfoLogger.java:56] Running with Spring Boot v2.3.5.RELEASE, Spring v5.2.10.RELEASE
2020-12-23 09:55:27,337 INFO [main] [com.autobusi.team.TeamperformanceMsApplication] [SpringApplication.java:651] No active profile set, falling back to default profiles: default
2020-12-23 09:57:06,254 INFO [main] [com.autobusi.team.TeamperformanceMsApplication] [StartupInfoLogger.java:55] Starting TeamperformanceMsApplication on W-PF21A4QQ with PID 19472 (C:\Users\I042102\git\teamperformance-ms\target\classes started by I042102 in C:\Users\I042102\git\teamperformance-ms)
2020-12-23 09:57:06,258 DEBUG [main] [com.autobusi.team.TeamperformanceMsApplication] [StartupInfoLogger.java:56] Running with Spring Boot v2.3.5.RELEASE, Spring v5.2.10.RELEASE
2020-12-23 09:57:06,259 INFO [main] [com.autobusi.team.TeamperformanceMsApplication] [SpringApplication.java:651] No active profile set, falling back to default profiles: default
2020-12-23 09:57:26,208 INFO [main] [com.autobusi.team.TeamperformanceMsApplication] [StartupInfoLogger.java:55] Starting TeamperformanceMsApplication on W-PF21A4QQ with PID 17184 (C:\Users\I042102\git\teamperformance-ms\target\classes started by I042102 in C:\Users\I042102\git\teamperformance-ms)
2020-12-23 09:57:26,212 DEBUG [main] [com.autobusi.team.TeamperformanceMsApplication] [StartupInfoLogger.java:56] Running with Spring Boot v2.3.5.RELEASE, Spring v5.2.10.RELEASE
2020-12-23 09:57:26,213 INFO [main] [com.autobusi.team.TeamperformanceMsApplication] [SpringApplication.java:651] No active profile set, falling back to default profiles: default
2020-12-23 09:57:31,245 INFO [main] [com.autobusi.team.TeamperformanceMsApplication] [StartupInfoLogger.java:61] Started TeamperformanceMsApplication in 5.492 seconds (JVM running for 8.597)
2020-12-23 14:59:11,764 INFO [main] [com.autobusi.team.TeamperformanceMsApplicationTests] [StartupInfoLogger.java:55] Starting TeamperformanceMsApplicationTests on W-PF21A4QQ with PID 13588 (started by I042102 in C:\Users\I042102\git\teamperformance-ms)
2020-12-23 14:59:11,769 DEBUG [main] [com.autobusi.team.TeamperformanceMsApplicationTests] [StartupInfoLogger.java:56] Running with Spring Boot v2.3.5.RELEASE, Spring v5.2.10.RELEASE
2020-12-23 14:59:11,771 INFO [main] [com.autobusi.team.TeamperformanceMsApplicationTests] [SpringApplication.java:651] No active profile set, falling back to default profiles: default
2020-12-23 15:00:30,836 INFO [main] [com.autobusi.team.TeamperformanceMsApplicationTests] [StartupInfoLogger.java:55] Starting TeamperformanceMsApplicationTests on W-PF21A4QQ with PID 10932 (started by I042102 in C:\Users\I042102\git\teamperformance-ms)
2020-12-23 15:00:30,840 DEBUG [main] [com.autobusi.team.TeamperformanceMsApplicationTests] [StartupInfoLogger.java:56] Running with Spring Boot v2.3.5.RELEASE, Spring v5.2.10.RELEASE
2020-12-23 15:00:30,841 INFO [main] [com.autobusi.team.TeamperformanceMsApplicationTests] [SpringApplication.java:651] No active profile set, falling back to default profiles: default
2020-12-23 15:01:16,550 INFO [main] [com.autobusi.team.TeamperformanceMsApplicationTests] [StartupInfoLogger.java:55] Starting TeamperformanceMsApplicationTests on W-PF21A4QQ with PID 27452 (started by I042102 in C:\Users\I042102\git\teamperformance-ms)
2020-12-23 15:01:16,555 DEBUG [main] [com.autobusi.team.TeamperformanceMsApplicationTests] [StartupInfoLogger.java:56] Running with Spring Boot v2.3.5.RELEASE, Spring v5.2.10.RELEASE
2020-12-23 15:01:16,557 INFO [main] [com.autobusi.team.TeamperformanceMsApplicationTests] [SpringApplication.java:651] No active profile set, falling back to default profiles: default
2020-12-23 15:04:27,510 INFO [main] [com.autobusi.team.TeamperformanceMsApplicationTests] [StartupInfoLogger.java:55] Starting TeamperformanceMsApplicationTests on W-PF21A4QQ with PID 26304 (started by I042102 in C:\Users\I042102\git\teamperformance-ms)
2020-12-23 15:04:27,515 DEBUG [main] [com.autobusi.team.TeamperformanceMsApplicationTests] [StartupInfoLogger.java:56] Running with Spring Boot v2.3.5.RELEASE, Spring v5.2.10.RELEASE
2020-12-23 15:04:27,516 INFO [main] [com.autobusi.team.TeamperformanceMsApplicationTests] [SpringApplication.java:651] No active profile set, falling back to default profiles: default
2020-12-23 15:04:31,742 INFO [main] [com.autobusi.team.TeamperformanceMsApplicationTests] [StartupInfoLogger.java:61] Started TeamperformanceMsApplicationTests in 4.462 seconds (JVM running for 5.553)
2020-12-23 16:25:17,933 INFO [main] [com.autobusi.team.TeamperformanceMsApplication] [StartupInfoLogger.java:55] Starting TeamperformanceMsApplication on W-PF21A4QQ with PID 29892 (C:\Users\I042102\git\teamperformance-ms\target\classes started by I042102 in C:\Users\I042102\git\teamperformance-ms)
2020-12-23 16:25:17,936 DEBUG [main] [com.autobusi.team.TeamperformanceMsApplication] [StartupInfoLogger.java:56] Running with Spring Boot v2.3.5.RELEASE, Spring v5.2.10.RELEASE
2020-12-23 16:25:17,936 INFO [main] [com.autobusi.team.TeamperformanceMsApplication] [SpringApplication.java:651] No active profile set, falling back to default profiles: default
2020-12-23 16:25:28,908 INFO [main] [com.autobusi.team.TeamperformanceMsApplication] [StartupInfoLogger.java:55] Starting TeamperformanceMsApplication on W-PF21A4QQ with PID 6560 (C:\Users\I042102\git\teamperformance-ms\target\classes started by I042102 in C:\Users\I042102\git\teamperformance-ms)
2020-12-23 16:25:28,910 DEBUG [main] [com.autobusi.team.TeamperformanceMsApplication] [StartupInfoLogger.java:56] Running with Spring Boot v2.3.5.RELEASE, Spring v5.2.10.RELEASE
2020-12-23 16:25:28,910 INFO [main] [com.autobusi.team.TeamperformanceMsApplication] [SpringApplication.java:651] No active profile set, falling back to default profiles: default
2020-12-23 16:26:23,925 INFO [main] [com.autobusi.team.TeamperformanceMsApplication] [StartupInfoLogger.java:55] Starting TeamperformanceMsApplication on W-PF21A4QQ with PID 11292 (C:\Users\I042102\git\teamperformance-ms\target\classes started by I042102 in C:\Users\I042102\git\teamperformance-ms)
2020-12-23 16:26:23,927 DEBUG [main] [com.autobusi.team.TeamperformanceMsApplication] [StartupInfoLogger.java:56] Running with Spring Boot v2.3.5.RELEASE, Spring v5.2.10.RELEASE
2020-12-23 16:26:23,927 INFO [main] [com.autobusi.team.TeamperformanceMsApplication] [SpringApplication.java:651] No active profile set, falling back to default profiles: default
2020-12-23 16:26:52,006 INFO [main] [com.autobusi.team.TeamperformanceMsApplication] [StartupInfoLogger.java:55] Starting TeamperformanceMsApplication on W-PF21A4QQ with PID 30484 (C:\Users\I042102\git\teamperformance-ms\target\classes started by I042102 in C:\Users\I042102\git\teamperformance-ms)
2020-12-23 16:26:52,008 DEBUG [main] [com.autobusi.team.TeamperformanceMsApplication] [StartupInfoLogger.java:56] Running with Spring Boot v2.3.5.RELEASE, Spring v5.2.10.RELEASE
2020-12-23 16:26:52,008 INFO [main] [com.autobusi.team.TeamperformanceMsApplication] [SpringApplication.java:651] No active profile set, falling back to default profiles: default
2020-12-23 16:29:13,585 INFO [main] [com.autobusi.team.TeamperformanceMsApplication] [StartupInfoLogger.java:55] Starting TeamperformanceMsApplication on W-PF21A4QQ with PID 30212 (C:\Users\I042102\git\teamperformance-ms\target\classes started by I042102 in C:\Users\I042102\git\teamperformance-ms)
2020-12-23 16:29:13,587 DEBUG [main] [com.autobusi.team.TeamperformanceMsApplication] [StartupInfoLogger.java:56] Running with Spring Boot v2.3.5.RELEASE, Spring v5.2.10.RELEASE
2020-12-23 16:29:13,588 INFO [main] [com.autobusi.team.TeamperformanceMsApplication] [SpringApplication.java:651] No active profile set, falling back to default profiles: default
2020-12-23 16:29:15,700 INFO [main] [com.autobusi.team.TeamperformanceMsApplication] [StartupInfoLogger.java:61] Started TeamperformanceMsApplication in 2.318 seconds (JVM running for 3.122)
