2021-01-07 10:16:31,602 INFO [main] [com.autobusi.team.TeamperformanceMsApplication] [StartupInfoLogger.java:55] Starting TeamperformanceMsApplication on W-PF21A4QQ with PID 26956 (C:\Users\I042102\git\teamperformance-ms\target\classes started by I042102 in C:\Users\I042102\git\teamperformance-ms)
2021-01-07 10:16:31,604 DEBUG [main] [com.autobusi.team.TeamperformanceMsApplication] [StartupInfoLogger.java:56] Running with Spring Boot v2.3.5.RELEASE, Spring v5.2.10.RELEASE
2021-01-07 10:16:31,605 INFO [main] [com.autobusi.team.TeamperformanceMsApplication] [SpringApplication.java:651] No active profile set, falling back to default profiles: default
2021-01-07 10:16:34,279 INFO [main] [com.autobusi.team.TeamperformanceMsApplication] [StartupInfoLogger.java:61] Started TeamperformanceMsApplication in 2.958 seconds (JVM running for 4.254)
2021-01-07 10:21:01,387 INFO [main] [com.autobusi.team.TeamperformanceMsApplication] [StartupInfoLogger.java:55] Starting TeamperformanceMsApplication on W-PF21A4QQ with PID 17124 (C:\Users\I042102\git\teamperformance-ms\target\classes started by I042102 in C:\Users\I042102\git\teamperformance-ms)
2021-01-07 10:21:01,390 DEBUG [main] [com.autobusi.team.TeamperformanceMsApplication] [StartupInfoLogger.java:56] Running with Spring Boot v2.3.5.RELEASE, Spring v5.2.10.RELEASE
2021-01-07 10:21:01,391 INFO [main] [com.autobusi.team.TeamperformanceMsApplication] [SpringApplication.java:651] No active profile set, falling back to default profiles: default
2021-01-07 10:21:04,019 INFO [main] [com.autobusi.team.TeamperformanceMsApplication] [StartupInfoLogger.java:61] Started TeamperformanceMsApplication in 2.88 seconds (JVM running for 4.314)
2021-01-07 10:24:13,140 INFO [main] [com.autobusi.team.TeamperformanceMsApplication] [StartupInfoLogger.java:55] Starting TeamperformanceMsApplication on W-PF21A4QQ with PID 25436 (C:\Users\I042102\git\teamperformance-ms\target\classes started by I042102 in C:\Users\I042102\git\teamperformance-ms)
2021-01-07 10:24:13,144 DEBUG [main] [com.autobusi.team.TeamperformanceMsApplication] [StartupInfoLogger.java:56] Running with Spring Boot v2.3.5.RELEASE, Spring v5.2.10.RELEASE
2021-01-07 10:24:13,144 INFO [main] [com.autobusi.team.TeamperformanceMsApplication] [SpringApplication.java:651] No active profile set, falling back to default profiles: default
2021-01-07 10:24:15,841 INFO [main] [com.autobusi.team.TeamperformanceMsApplication] [StartupInfoLogger.java:61] Started TeamperformanceMsApplication in 2.943 seconds (JVM running for 4.257)
2021-01-07 10:33:41,150 ERROR [http-nio-8080-exec-1] [com.autobusi.team.controller.FormService] [FormService.java:92] can't find ratings for memeber with key emp_1
2021-01-07 11:47:19,560 INFO [main] [com.autobusi.team.TeamperformanceMsApplication] [StartupInfoLogger.java:55] Starting TeamperformanceMsApplication on W-PF21A4QQ with PID 14428 (C:\Users\I042102\git\teamperformance-ms\target\classes started by I042102 in C:\Users\I042102\git\teamperformance-ms)
2021-01-07 11:47:19,563 DEBUG [main] [com.autobusi.team.TeamperformanceMsApplication] [StartupInfoLogger.java:56] Running with Spring Boot v2.3.5.RELEASE, Spring v5.2.10.RELEASE
2021-01-07 11:47:19,563 INFO [main] [com.autobusi.team.TeamperformanceMsApplication] [SpringApplication.java:651] No active profile set, falling back to default profiles: default
2021-01-07 11:47:22,057 INFO [main] [com.autobusi.team.TeamperformanceMsApplication] [StartupInfoLogger.java:61] Started TeamperformanceMsApplication in 2.764 seconds (JVM running for 3.959)
2021-01-07 12:32:35,851 INFO [main] [com.autobusi.team.TeamperformanceMsApplicationTests] [StartupInfoLogger.java:55] Starting TeamperformanceMsApplicationTests on W-PF21A4QQ with PID 25516 (started by I042102 in C:\users\I042102\git\teamperformance-ms)
2021-01-07 12:32:35,856 DEBUG [main] [com.autobusi.team.TeamperformanceMsApplicationTests] [StartupInfoLogger.java:56] Running with Spring Boot v2.3.5.RELEASE, Spring v5.2.10.RELEASE
2021-01-07 12:32:35,857 INFO [main] [com.autobusi.team.TeamperformanceMsApplicationTests] [SpringApplication.java:651] No active profile set, falling back to default profiles: default
2021-01-07 12:32:40,568 INFO [main] [com.autobusi.team.TeamperformanceMsApplicationTests] [StartupInfoLogger.java:61] Started TeamperformanceMsApplicationTests in 4.961 seconds (JVM running for 6.273)
2021-01-07 14:36:24,617 INFO [main] [com.autobusi.team.TeamperformanceMsApplication] [StartupInfoLogger.java:55] Starting TeamperformanceMsApplication on W-PF21A4QQ with PID 29028 (C:\Users\I042102\git\teamperformance-ms\target\classes started by I042102 in C:\Users\I042102\git\teamperformance-ms)
2021-01-07 14:36:24,620 DEBUG [main] [com.autobusi.team.TeamperformanceMsApplication] [StartupInfoLogger.java:56] Running with Spring Boot v2.3.5.RELEASE, Spring v5.2.10.RELEASE
2021-01-07 14:36:24,621 INFO [main] [com.autobusi.team.TeamperformanceMsApplication] [SpringApplication.java:651] No active profile set, falling back to default profiles: default
2021-01-07 14:36:27,507 INFO [main] [com.autobusi.team.TeamperformanceMsApplication] [StartupInfoLogger.java:61] Started TeamperformanceMsApplication in 3.164 seconds (JVM running for 4.528)
2021-01-07 14:39:34,699 INFO [main] [com.autobusi.team.TeamperformanceMsApplication] [StartupInfoLogger.java:55] Starting TeamperformanceMsApplication on W-PF21A4QQ with PID 17364 (C:\Users\I042102\git\teamperformance-ms\target\classes started by I042102 in C:\Users\I042102\git\teamperformance-ms)
2021-01-07 14:39:34,704 DEBUG [main] [com.autobusi.team.TeamperformanceMsApplication] [StartupInfoLogger.java:56] Running with Spring Boot v2.3.5.RELEASE, Spring v5.2.10.RELEASE
2021-01-07 14:39:34,704 INFO [main] [com.autobusi.team.TeamperformanceMsApplication] [SpringApplication.java:651] No active profile set, falling back to default profiles: default
2021-01-07 14:39:37,552 INFO [main] [com.autobusi.team.TeamperformanceMsApplication] [StartupInfoLogger.java:61] Started TeamperformanceMsApplication in 3.128 seconds (JVM running for 4.597)
2021-01-07 15:04:09,509 INFO [main] [com.autobusi.team.TeamperformanceMsApplication] [StartupInfoLogger.java:55] Starting TeamperformanceMsApplication on W-PF21A4QQ with PID 23824 (C:\Users\I042102\git\teamperformance-ms\target\classes started by I042102 in C:\Users\I042102\git\teamperformance-ms)
2021-01-07 15:04:09,513 DEBUG [main] [com.autobusi.team.TeamperformanceMsApplication] [StartupInfoLogger.java:56] Running with Spring Boot v2.3.5.RELEASE, Spring v5.2.10.RELEASE
2021-01-07 15:04:09,514 INFO [main] [com.autobusi.team.TeamperformanceMsApplication] [SpringApplication.java:651] No active profile set, falling back to default profiles: default
2021-01-07 15:04:12,310 INFO [main] [com.autobusi.team.TeamperformanceMsApplication] [StartupInfoLogger.java:61] Started TeamperformanceMsApplication in 3.046 seconds (JVM running for 4.355)
2021-01-07 15:12:53,925 INFO [main] [com.autobusi.team.TeamperformanceMsApplication] [StartupInfoLogger.java:55] Starting TeamperformanceMsApplication on W-PF21A4QQ with PID 17772 (C:\Users\I042102\git\teamperformance-ms\target\classes started by I042102 in C:\Users\I042102\git\teamperformance-ms)
2021-01-07 15:12:53,930 DEBUG [main] [com.autobusi.team.TeamperformanceMsApplication] [StartupInfoLogger.java:56] Running with Spring Boot v2.3.5.RELEASE, Spring v5.2.10.RELEASE
2021-01-07 15:12:53,930 INFO [main] [com.autobusi.team.TeamperformanceMsApplication] [SpringApplication.java:651] No active profile set, falling back to default profiles: default
2021-01-07 15:12:56,832 INFO [main] [com.autobusi.team.TeamperformanceMsApplication] [StartupInfoLogger.java:61] Started TeamperformanceMsApplication in 3.156 seconds (JVM running for 4.572)
2021-01-07 15:17:30,759 INFO [main] [com.autobusi.team.TeamperformanceMsApplication] [StartupInfoLogger.java:55] Starting TeamperformanceMsApplication on W-PF21A4QQ with PID 29540 (C:\Users\I042102\git\teamperformance-ms\target\classes started by I042102 in C:\Users\I042102\git\teamperformance-ms)
2021-01-07 15:17:30,764 DEBUG [main] [com.autobusi.team.TeamperformanceMsApplication] [StartupInfoLogger.java:56] Running with Spring Boot v2.3.5.RELEASE, Spring v5.2.10.RELEASE
2021-01-07 15:17:30,765 INFO [main] [com.autobusi.team.TeamperformanceMsApplication] [SpringApplication.java:651] No active profile set, falling back to default profiles: default
2021-01-07 15:17:33,421 INFO [main] [com.autobusi.team.TeamperformanceMsApplication] [StartupInfoLogger.java:61] Started TeamperformanceMsApplication in 2.912 seconds (JVM running for 4.358)
2021-01-07 15:34:10,504 INFO [main] [com.autobusi.team.TeamperformanceMsApplication] [StartupInfoLogger.java:55] Starting TeamperformanceMsApplication on W-PF21A4QQ with PID 32312 (C:\Users\I042102\git\teamperformance-ms\target\classes started by I042102 in C:\Users\I042102\git\teamperformance-ms)
2021-01-07 15:34:10,508 DEBUG [main] [com.autobusi.team.TeamperformanceMsApplication] [StartupInfoLogger.java:56] Running with Spring Boot v2.3.5.RELEASE, Spring v5.2.10.RELEASE
2021-01-07 15:34:10,509 INFO [main] [com.autobusi.team.TeamperformanceMsApplication] [SpringApplication.java:651] No active profile set, falling back to default profiles: default
2021-01-07 15:34:13,194 INFO [main] [com.autobusi.team.TeamperformanceMsApplication] [StartupInfoLogger.java:61] Started TeamperformanceMsApplication in 2.932 seconds (JVM running for 4.249)
2021-01-07 16:08:50,376 ERROR [http-nio-8080-exec-8] [com.autobusi.team.controller.FormService] [FormService.java:96] can't find ratings for memeber with key 111
2021-01-07 16:19:28,714 ERROR [http-nio-8080-exec-8] [com.autobusi.team.controller.FormService] [FormService.java:96] can't find ratings for memeber with key 111
2021-01-07 16:20:05,448 ERROR [http-nio-8080-exec-1] [com.autobusi.team.controller.FormService] [FormService.java:96] can't find ratings for memeber with key 111
2021-01-07 16:21:35,104 ERROR [http-nio-8080-exec-5] [com.autobusi.team.controller.FormService] [FormService.java:96] can't find ratings for memeber with key 111
2021-01-07 16:21:43,109 ERROR [http-nio-8080-exec-8] [com.autobusi.team.controller.FormService] [FormService.java:96] can't find ratings for memeber with key 111
2021-01-07 16:24:21,479 ERROR [http-nio-8080-exec-10] [com.autobusi.team.controller.FormService] [FormService.java:96] can't find ratings for memeber with key 111
2021-01-07 16:24:31,700 ERROR [http-nio-8080-exec-4] [com.autobusi.team.controller.FormService] [FormService.java:96] can't find ratings for memeber with key 111
2021-01-07 16:26:00,443 ERROR [http-nio-8080-exec-7] [com.autobusi.team.controller.FormService] [FormService.java:96] can't find ratings for memeber with key 111
2021-01-07 16:27:42,149 INFO [main] [com.autobusi.team.TeamperformanceMsApplicationTests] [StartupInfoLogger.java:55] Starting TeamperformanceMsApplicationTests on W-PF21A4QQ with PID 8648 (started by I042102 in C:\users\I042102\git\teamperformance-ms)
2021-01-07 16:27:42,154 DEBUG [main] [com.autobusi.team.TeamperformanceMsApplicationTests] [StartupInfoLogger.java:56] Running with Spring Boot v2.3.5.RELEASE, Spring v5.2.10.RELEASE
2021-01-07 16:27:42,155 INFO [main] [com.autobusi.team.TeamperformanceMsApplicationTests] [SpringApplication.java:651] No active profile set, falling back to default profiles: default
2021-01-07 16:27:48,567 INFO [main] [com.autobusi.team.TeamperformanceMsApplicationTests] [StartupInfoLogger.java:61] Started TeamperformanceMsApplicationTests in 6.711 seconds (JVM running for 8.331)
2021-01-07 16:56:30,747 INFO [main] [com.autobusi.team.TeamperformanceMsApplicationTests] [StartupInfoLogger.java:55] Starting TeamperformanceMsApplicationTests on W-PF21A4QQ with PID 23684 (started by I042102 in C:\users\I042102\git\teamperformance-ms)
2021-01-07 16:56:30,753 DEBUG [main] [com.autobusi.team.TeamperformanceMsApplicationTests] [StartupInfoLogger.java:56] Running with Spring Boot v2.3.5.RELEASE, Spring v5.2.10.RELEASE
2021-01-07 16:56:30,754 INFO [main] [com.autobusi.team.TeamperformanceMsApplicationTests] [SpringApplication.java:651] No active profile set, falling back to default profiles: default
2021-01-07 16:56:36,161 INFO [main] [com.autobusi.team.TeamperformanceMsApplicationTests] [StartupInfoLogger.java:61] Started TeamperformanceMsApplicationTests in 5.718 seconds (JVM running for 7.036)
2021-01-07 17:02:19,497 INFO [main] [com.autobusi.team.TeamperformanceMsApplicationTests] [StartupInfoLogger.java:55] Starting TeamperformanceMsApplicationTests on W-PF21A4QQ with PID 24724 (started by I042102 in C:\users\I042102\git\teamperformance-ms)
2021-01-07 17:02:19,502 DEBUG [main] [com.autobusi.team.TeamperformanceMsApplicationTests] [StartupInfoLogger.java:56] Running with Spring Boot v2.3.5.RELEASE, Spring v5.2.10.RELEASE
2021-01-07 17:02:19,503 INFO [main] [com.autobusi.team.TeamperformanceMsApplicationTests] [SpringApplication.java:651] No active profile set, falling back to default profiles: default
2021-01-07 17:02:24,653 INFO [main] [com.autobusi.team.TeamperformanceMsApplicationTests] [StartupInfoLogger.java:61] Started TeamperformanceMsApplicationTests in 5.424 seconds (JVM running for 6.851)
